#############################################################################
Test Modules that failed to load:
#############################################################################
foo.py
Traceback (most recent call last):
  File "C:\wrk\eric\tests\test_test_module.py", line 78, in check_python_files
    assert len(modules) == 4
AssertionError
-----------------------------------------------------------------------------

#############################################################################
Test Classes not executed:
#############################################################################
bar._test_boogle
bar._test_beezle

#############################################################################
Test not executed:
# ?? Not sure how to get this one.
#############################################################################
baz.test_baazle._check_simple

#############################################################################
Test Report:
#############################################################################
Failures: 0
Tests:    19

#############################################################################
Code Coverage:
#############################################################################
Name                              Stmts   Exec  Cover
-----------------------------------------------------
c:\wrk\eric\test_module.py          104    104   100%
test_test_module.py                 129    129   100%
-----------------------------------------------------
TOTAL                              3074   1037    33%

#############################################################################
Raw Test Output:
#############################################################################
check_directory_with_python_and_other_files (__main__.test_python_files_for_directory) ... ok
check_empty_directory (__main__.test_python_files_for_directory) ... ok
check_filter_by_prefix (__main__.test_python_files_for_directory) ... ok
check_nonexistent_directory (__main__.test_python_files_for_directory) ... ok
check_empty_list (__main__.test_load_modules_for_files) ... ok
check_python_files (__main__.test_load_modules_for_files) ... ok
check_p1_with_classes (__main__.test_retreive_test_classes_for_module) ... ok
check_default (__main__.test_filter_for_level) ... ok
check_level2 (__main__.test_filter_for_level) ... ok
check_class_filtered_default (__main__.test_retreive_test_classes_for_directory) ... ok
check_unfiltered (__main__.test_retreive_test_classes_for_directory) ... ok
check_benchmark (__main__.test_test_suite_for_directory) ... ok
check_level1 (__main__.test_test_suite_for_directory) ... ok
check_omit_dir (__main__.test_test_suite_for_directory) ... ok
check_recurse (__main__.test_test_suite_for_directory) ... ok
check_simple (__main__.test_test_suite_for_directory) ... ok
check_directory (__main__.test_test_suite) ... ok
check_module (__main__.test_test_suite) ... ok
check_package (__main__.test_test_suite) ... ok

----------------------------------------------------------------------
Ran 19 tests in 0.203s

OK
